<?xml version="1.0" encoding="UTF-8"?>
<testng-results ignored="0" total="1" passed="1" failed="0" skipped="0">
  <reporter-output>
  </reporter-output>
  <suite started-at="2024-11-15T18:04:01 IST" name="Suite" finished-at="2024-11-15T18:04:11 IST" duration-ms="10580">
    <groups>
    </groups>
    <test started-at="2024-11-15T18:04:01 IST" name="Test" finished-at="2024-11-15T18:04:11 IST" duration-ms="10580">
      <class name="TestNg.demo2">
        <test-method is-config="true" signature="beforeTest()[pri:0, instance:TestNg.demo2@41dd05a]" started-at="2024-11-15T18:04:01 IST" name="beforeTest" finished-at="2024-11-15T18:04:09 IST" duration-ms="8047" status="PASS">
          <reporter-output>
          </reporter-output>
        </test-method> <!-- beforeTest -->
        <test-method signature="login(java.lang.String,java.lang.String)[pri:0, instance:TestNg.demo2@41dd05a]" started-at="2024-11-15T18:04:09 IST" name="login" finished-at="2024-11-15T18:04:11 IST" duration-ms="2513" status="PASS">
          <params>
            <param index="0">
              <value>
                <![CDATA[student]]>
              </value>
            </param>
            <param index="1">
              <value>
                <![CDATA[Password123]]>
              </value>
            </param>
          </params>
          <reporter-output>
          </reporter-output>
        </test-method> <!-- login -->
      </class> <!-- TestNg.demo2 -->
    </test> <!-- Test -->
  </suite> <!-- Suite -->
</testng-results>
